[2026-04-29 15:08:32 CST] ==============================================================
[2026-04-29 15:08:32 CST] ⚔️  杀手锏 纸交易  第18次扫描
[2026-04-29 15:08:32 CST] 账户: $10,000.00U  峰值: $10,000.00U  回撤: 0.00%  总交易: 0笔
[2026-04-29 15:08:32 CST] ── BTCUSDT ──
[2026-04-29 15:08:35 CST]   当前价: $76,999.9000
[2026-04-29 15:08:35 CST]   📊 持仓中(SHORT) 入场$77036.30  持仓2根  未实现+0.047% $+0.24U
[2026-04-29 15:08:35 CST] ── SOLUSDT ──
[2026-04-29 15:08:37 CST]   当前价: $84.6400
[2026-04-29 15:08:37 CST]   📊 持仓中(SHORT) 入场$84.38  持仓17根  未实现-0.308% $-1.54U
[2026-04-29 15:08:37 CST] ✔ 状态已保存  下次扫描: 1小时后
[2026-04-29 15:08:58 CST] ==============================================================
[2026-04-29 15:08:58 CST] ⚔️  杀手锏 纸交易  第19次扫描
[2026-04-29 15:08:58 CST] 账户: $10,000.00U  峰值: $10,000.00U  回撤: 0.00%  总交易: 0笔
[2026-04-29 15:08:58 CST] ── BTCUSDT ──
[2026-04-29 15:08:59 CST]   当前价: $76,993.6000
[2026-04-29 15:08:59 CST]   📊 持仓中(SHORT) 入场$77036.30  持仓3根  未实现+0.055% $+0.28U
[2026-04-29 15:08:59 CST] ── SOLUSDT ──
[2026-04-29 15:09:01 CST]   当前价: $84.6300
[2026-04-29 15:09:01 CST]   📊 持仓中(SHORT) 入场$84.38  持仓18根  未实现-0.296% $-1.48U
[2026-04-29 15:09:01 CST] ✔ 状态已保存  下次扫描: 1小时后
[2026-04-29 15:29:12 CST] ==============================================================
[2026-04-29 15:29:12 CST] ⚔️  杀手锏 纸交易  第20次扫描
[2026-04-29 15:29:12 CST] 账户: $10,000.00U  峰值: $10,000.00U  回撤: 0.00%  总交易: 0笔
[2026-04-29 15:29:12 CST] ── BTCUSDT ──
[2026-04-29 15:29:14 CST]   当前价: $77,017.0000
[2026-04-29 15:29:14 CST]   📊 持仓中(SHORT) 入场$77036.30  持仓4根  未实现+0.025% $+0.13U
[2026-04-29 15:29:14 CST] ── SOLUSDT ──
[2026-04-29 15:29:16 CST]   当前价: $84.6100
[2026-04-29 15:29:16 CST]   📊 持仓中(SHORT) 入场$84.38  持仓19根  未实现-0.273% $-1.36U
[2026-04-29 15:29:16 CST] ✔ 状态已保存  下次扫描: 1小时后
[2026-04-29 15:40:09 CST] ==============================================================
[2026-04-29 15:40:09 CST] ⚔️  杀手锏 纸交易  第21次扫描
[2026-04-29 15:40:09 CST] 账户: $10,000.00U  峰值: $10,000.00U  回撤: 0.00%  总交易: 0笔
[2026-04-29 15:40:09 CST] ── BTCUSDT ──
[2026-04-29 15:40:10 CST]   当前价: $77,059.0000
[2026-04-29 15:40:10 CST]   📊 持仓中(SHORT) 入场$77036.30  持仓5根  未实现-0.029% $-0.15U
[2026-04-29 15:40:10 CST] ── SOLUSDT ──
[2026-04-29 15:40:12 CST]   当前价: $84.7400
[2026-04-29 15:40:12 CST]   💤 无信号 (NEUTRAL conf=0.00)
[2026-04-29 15:40:12 CST] ✔ 状态已保存  下次扫描: 1小时后
